{
  "stats": {
    "suites": 1,
    "tests": 1,
    "passes": 1,
    "pending": 0,
    "failures": 0,
    "start": "2021-04-22T23:18:03.732Z",
    "end": "2021-04-22T23:18:18.234Z",
    "duration": 14502,
    "testsRegistered": 1,
    "passPercent": 100,
    "pendingPercent": 0,
    "other": 0,
    "hasOther": false,
    "skipped": 0,
    "hasSkipped": false
  },
  "results": [
    {
      "uuid": "71b3acaf-2281-4fde-a987-d6f8ac8a1910",
      "title": "",
      "fullFile": "cypress/integration/hello-world.spec.js",
      "file": "cypress/integration/hello-world.spec.js",
      "beforeHooks": [],
      "afterHooks": [],
      "tests": [],
      "suites": [
        {
          "uuid": "91698466-8ebd-46d1-a20b-8a5a9928c047",
          "title": "First example",
          "fullFile": "",
          "file": "",
          "beforeHooks": [],
          "afterHooks": [],
          "tests": [
            {
              "title": "Test case 1",
              "fullTitle": "First example Test case 1",
              "timedOut": null,
              "duration": 9688,
              "state": "passed",
              "speed": "slow",
              "pass": true,
              "fail": false,
              "pending": false,
              "context": null,
              "code": "cy.visit('http://localhost:3000/login');\ncy.title().should('eq', 'Testers Hotel');\ncy.contains('Login');\ncy.log('Asserted that the login string/label exist on this specific page');\ncy.get(':nth-child(1) > input').type('tester01');\ncy.get(':nth-child(2) > input').type('GteteqbQQgSr88SwNExUQv2ydb7xuf8c');\ncy.get('.btn').click();\ncy.contains('Welcome');\ncy.get('.user > .btn').click();\ncy.contains('Login');",
              "err": {},
              "uuid": "9aaa7fe1-7162-4424-80ad-85f8ef5ac4d9",
              "parentUUID": "91698466-8ebd-46d1-a20b-8a5a9928c047",
              "isHook": false,
              "skipped": false
            }
          ],
          "suites": [],
          "passes": [
            "9aaa7fe1-7162-4424-80ad-85f8ef5ac4d9"
          ],
          "failures": [],
          "pending": [],
          "skipped": [],
          "duration": 9688,
          "root": false,
          "rootEmpty": false,
          "_timeout": 2000
        }
      ],
      "passes": [],
      "failures": [],
      "pending": [],
      "skipped": [],
      "duration": 0,
      "root": true,
      "rootEmpty": true,
      "_timeout": 2000
    }
  ],
  "meta": {
    "mocha": {
      "version": "7.0.1"
    },
    "mochawesome": {
      "options": {
        "quiet": false,
        "reportFilename": "mochawesome",
        "saveHtml": false,
        "saveJson": true,
        "consoleReporter": "spec",
        "useInlineDiffs": false,
        "code": true
      },
      "version": "6.2.2"
    },
    "marge": {
      "options": {
        "reportDir": "cypress/results",
        "overwrite": false,
        "html": false,
        "json": true
      },
      "version": "5.2.0"
    }
  }
}